Job ID: 9549157
Node:   g7
GPU:    0
Run:    deeper_head
Start:  Sun Jun 28 13:34:31 EDT 2026
Device: cuda
Total: 451  csPCa: 65  ciPCa: 386
Split → train: 315 (csPCa=45) | val: 68 (csPCa=10) | test: 68 (csPCa=10)

==================================================
Train: 315 (csPCa=45, ciPCa=270)
Val:   68   (csPCa=10, ciPCa=58)
initialize_weights...
[model] Pretrained backbone loaded from /N/slate/ohjiye/medvit_ckpt/MedViT_small.pth
[model] First conv inflated: 3 → 96 channels (weight tiling ÷32)
[model] proj_head: 1024 → 512 → 256 → 2  (dropout=0.2)
  Class weights: ciPCa=0.583  csPCa=3.500  (1:6.0)
  Optimizer: backbone LR=1e-05, head(stem+proj) LR=0.0003
  Epoch   1/150 | loss: 0.4989 | val AUC: 0.8190 | LR bb=1.0e-05 hd=3.0e-04
  Epoch   2/150 | loss: 0.3793 | val AUC: 0.6586 | LR bb=1.0e-05 hd=3.0e-04
  Epoch   3/150 | loss: 0.3916 | val AUC: 0.8034 | LR bb=1.0e-05 hd=3.0e-04
  Epoch   4/150 | loss: 0.3547 | val AUC: 0.7931 | LR bb=1.0e-05 hd=3.0e-04
  Epoch   5/150 | loss: 0.2868 | val AUC: 0.7345 | LR bb=1.0e-05 hd=3.0e-04
  Epoch   6/150 | loss: 0.3732 | val AUC: 0.7569 | LR bb=1.0e-05 hd=3.0e-04
  Epoch   7/150 | loss: 0.2233 | val AUC: 0.7328 | LR bb=9.9e-06 hd=3.0e-04
  Epoch   8/150 | loss: 0.2542 | val AUC: 0.7276 | LR bb=9.9e-06 hd=3.0e-04
  Epoch   9/150 | loss: 0.2237 | val AUC: 0.7828 | LR bb=9.9e-06 hd=3.0e-04
  Epoch  10/150 | loss: 0.2815 | val AUC: 0.8069 | LR bb=9.9e-06 hd=3.0e-04
  Epoch  11/150 | loss: 0.2416 | val AUC: 0.7638 | LR bb=9.9e-06 hd=3.0e-04
  Epoch  12/150 | loss: 0.2992 | val AUC: 0.8241 | LR bb=9.8e-06 hd=3.0e-04
  Epoch  13/150 | loss: 0.1661 | val AUC: 0.7241 | LR bb=9.8e-06 hd=2.9e-04
  Epoch  14/150 | loss: 0.1667 | val AUC: 0.7828 | LR bb=9.8e-06 hd=2.9e-04
  Epoch  15/150 | loss: 0.1700 | val AUC: 0.7483 | LR bb=9.8e-06 hd=2.9e-04
  Epoch  16/150 | loss: 0.2907 | val AUC: 0.7500 | LR bb=9.7e-06 hd=2.9e-04
  Epoch  17/150 | loss: 0.2815 | val AUC: 0.7638 | LR bb=9.7e-06 hd=2.9e-04
  Epoch  18/150 | loss: 0.1517 | val AUC: 0.7276 | LR bb=9.7e-06 hd=2.9e-04
  Epoch  19/150 | loss: 0.2218 | val AUC: 0.7310 | LR bb=9.6e-06 hd=2.9e-04
  Epoch  20/150 | loss: 0.4007 | val AUC: 0.7259 | LR bb=9.6e-06 hd=2.9e-04
  Epoch  21/150 | loss: 0.4182 | val AUC: 0.6862 | LR bb=9.5e-06 hd=2.9e-04
  Epoch  22/150 | loss: 0.1608 | val AUC: 0.6828 | LR bb=9.5e-06 hd=2.8e-04
  Epoch  23/150 | loss: 0.1202 | val AUC: 0.7155 | LR bb=9.4e-06 hd=2.8e-04
  Epoch  24/150 | loss: 0.1275 | val AUC: 0.7483 | LR bb=9.4e-06 hd=2.8e-04
  Epoch  25/150 | loss: 0.1801 | val AUC: 0.7276 | LR bb=9.3e-06 hd=2.8e-04
  Epoch  26/150 | loss: 0.1960 | val AUC: 0.7276 | LR bb=9.3e-06 hd=2.8e-04
  Epoch  27/150 | loss: 0.2979 | val AUC: 0.7310 | LR bb=9.2e-06 hd=2.8e-04
  Epoch  28/150 | loss: 0.2832 | val AUC: 0.7776 | LR bb=9.2e-06 hd=2.7e-04
  Epoch  29/150 | loss: 0.2068 | val AUC: 0.8086 | LR bb=9.1e-06 hd=2.7e-04
  Epoch  30/150 | loss: 0.1487 | val AUC: 0.7828 | LR bb=9.1e-06 hd=2.7e-04
  Epoch  31/150 | loss: 0.1686 | val AUC: 0.7690 | LR bb=9.0e-06 hd=2.7e-04
  Epoch  32/150 | loss: 0.1694 | val AUC: 0.7379 | LR bb=8.9e-06 hd=2.7e-04
  Early stop at epoch 32 (no improvement for 20 epochs)

Best val AUC: 0.8241 at epoch 12
initialize_weights...
[model] First conv inflated: 3 → 96 channels (weight tiling ÷32)
[model] proj_head: 1024 → 512 → 256 → 2  (dropout=0.2)

=== TEST SET (68 patients: csPCa=10, ciPCa=58) ===
AUC-ROC     : 0.8983
Sensitivity : 0.9000
Specificity : 0.8276
F1 (csPCa)  : 0.6207
TP=9  FP=10  TN=48  FN=1
End: Sun Jun 28 13:46:07 EDT 2026
