Job ID: 9549344
Node:   g8
GPU:    0
Run:    focal_deep
Extra:  --focal-gamma 2.0 --head-depth 3
Start:  Sun Jun 28 16:39:29 EDT 2026
Device: cuda
initialize_weights...
[model] First conv inflated: 3 → 96 channels (weight tiling ÷32)
[model] proj_head: 1024 → 512 → 256 → 128 → 2  (dropout=0.2)
Config saved: /geode3/home/u070/ohjiye/Quartz/MedImage/ProstateCls/output/focal_deep/config.json
Total: 451  csPCa: 65  ciPCa: 386
Split → train: 315 (csPCa=45) | val: 68 (csPCa=10) | test: 68 (csPCa=10)

==================================================
Train: 315 (csPCa=45, ciPCa=270)
Val:   68   (csPCa=10, ciPCa=58)
initialize_weights...
[model] Pretrained backbone loaded from /N/slate/ohjiye/medvit_ckpt/MedViT_small.pth
[model] First conv inflated: 3 → 96 channels (weight tiling ÷32)
[model] proj_head: 1024 → 512 → 256 → 128 → 2  (dropout=0.2)
  Class weights: ciPCa=0.583  csPCa=3.500  (1:6.0)
  Loss: FocalLoss(gamma=2.0)
  Optimizer: backbone LR=1e-05, head(stem+proj) LR=0.0003
  Epoch   1/150 | loss: 0.2923 | val AUC: 0.5259 | LR bb=1.0e-05 hd=3.0e-04
  Epoch   2/150 | loss: 0.1984 | val AUC: 0.7069 | LR bb=1.0e-05 hd=3.0e-04
  Epoch   3/150 | loss: 0.1626 | val AUC: 0.6207 | LR bb=1.0e-05 hd=3.0e-04
  Epoch   4/150 | loss: 0.1656 | val AUC: 0.7655 | LR bb=1.0e-05 hd=3.0e-04
  Epoch   5/150 | loss: 0.1399 | val AUC: 0.6931 | LR bb=1.0e-05 hd=3.0e-04
  Epoch   6/150 | loss: 0.1549 | val AUC: 0.7138 | LR bb=1.0e-05 hd=3.0e-04
  Epoch   7/150 | loss: 0.1729 | val AUC: 0.6638 | LR bb=9.9e-06 hd=3.0e-04
  Epoch   8/150 | loss: 0.1393 | val AUC: 0.6707 | LR bb=9.9e-06 hd=3.0e-04
  Epoch   9/150 | loss: 0.1248 | val AUC: 0.7276 | LR bb=9.9e-06 hd=3.0e-04
  Epoch  10/150 | loss: 0.1514 | val AUC: 0.7310 | LR bb=9.9e-06 hd=3.0e-04
  Epoch  11/150 | loss: 0.1370 | val AUC: 0.7207 | LR bb=9.9e-06 hd=3.0e-04
  Epoch  12/150 | loss: 0.1561 | val AUC: 0.7793 | LR bb=9.8e-06 hd=3.0e-04
  Epoch  13/150 | loss: 0.1139 | val AUC: 0.7845 | LR bb=9.8e-06 hd=2.9e-04
  Epoch  14/150 | loss: 0.1138 | val AUC: 0.7793 | LR bb=9.8e-06 hd=2.9e-04
  Epoch  15/150 | loss: 0.1480 | val AUC: 0.7103 | LR bb=9.8e-06 hd=2.9e-04
  Epoch  16/150 | loss: 0.2203 | val AUC: 0.7293 | LR bb=9.7e-06 hd=2.9e-04
  Epoch  17/150 | loss: 0.1263 | val AUC: 0.7207 | LR bb=9.7e-06 hd=2.9e-04
  Epoch  18/150 | loss: 0.1025 | val AUC: 0.7103 | LR bb=9.7e-06 hd=2.9e-04
  Epoch  19/150 | loss: 0.1250 | val AUC: 0.7121 | LR bb=9.6e-06 hd=2.9e-04
  Epoch  20/150 | loss: 0.1110 | val AUC: 0.6914 | LR bb=9.6e-06 hd=2.9e-04
  Epoch  21/150 | loss: 0.2022 | val AUC: 0.6155 | LR bb=9.5e-06 hd=2.9e-04
  Epoch  22/150 | loss: 0.1584 | val AUC: 0.5966 | LR bb=9.5e-06 hd=2.8e-04
  Epoch  23/150 | loss: 0.0930 | val AUC: 0.6259 | LR bb=9.4e-06 hd=2.8e-04
  Epoch  24/150 | loss: 0.0931 | val AUC: 0.6534 | LR bb=9.4e-06 hd=2.8e-04
  Epoch  25/150 | loss: 0.1250 | val AUC: 0.6672 | LR bb=9.3e-06 hd=2.8e-04
  Epoch  26/150 | loss: 0.1517 | val AUC: 0.5879 | LR bb=9.3e-06 hd=2.8e-04
  Epoch  27/150 | loss: 0.0527 | val AUC: 0.7138 | LR bb=9.2e-06 hd=2.8e-04
  Epoch  28/150 | loss: 0.1424 | val AUC: 0.5966 | LR bb=9.2e-06 hd=2.7e-04
  Epoch  29/150 | loss: 0.0462 | val AUC: 0.5862 | LR bb=9.1e-06 hd=2.7e-04
  Epoch  30/150 | loss: 0.0726 | val AUC: 0.7103 | LR bb=9.1e-06 hd=2.7e-04
  Epoch  31/150 | loss: 0.0608 | val AUC: 0.6793 | LR bb=9.0e-06 hd=2.7e-04
  Epoch  32/150 | loss: 0.1120 | val AUC: 0.6966 | LR bb=8.9e-06 hd=2.7e-04
  Epoch  33/150 | loss: 0.1192 | val AUC: 0.6328 | LR bb=8.9e-06 hd=2.7e-04
  Early stop at epoch 33 (no improvement for 20 epochs)

Best val AUC: 0.7845 at epoch 13
initialize_weights...
[model] First conv inflated: 3 → 96 channels (weight tiling ÷32)
[model] proj_head: 1024 → 512 → 256 → 128 → 2  (dropout=0.2)

=== TEST SET (68 patients: csPCa=10, ciPCa=58) ===
AUC-ROC     : 0.9190
Sensitivity : 0.9000
Specificity : 0.7759
F1 (csPCa)  : 0.5625
TP=9  FP=13  TN=45  FN=1
End: Sun Jun 28 16:49:35 EDT 2026
