Job ID: 9549141
Node:   g7
GPU:    0
Start:  Sun Jun 28 12:25:05 EDT 2026
Device: cuda
Total: 451  csPCa: 65  ciPCa: 386
Split → train: 315 (csPCa=45) | val: 68 (csPCa=10) | test: 68 (csPCa=10)

==================================================
Train: 315 (csPCa=45, ciPCa=270)
Val:   68   (csPCa=10, ciPCa=58)
initialize_weights...
[model] Pretrained backbone loaded from /N/slate/ohjiye/medvit_ckpt/MedViT_small.pth
[model] First conv inflated: 3 → 96 channels (weight tiling ÷32)
[model] proj_head: 1024 → 256 → 2  (dropout=0.4)
  Class weights: ciPCa=0.583  csPCa=3.500  (1:6.0)
  Optimizer: backbone LR=1e-05, head(stem+proj) LR=0.0003
  Epoch   1/150 | loss: 0.5445 | val AUC: 0.7052 | LR bb=1.0e-05 hd=3.0e-04
  Epoch   2/150 | loss: 0.3731 | val AUC: 0.7259 | LR bb=1.0e-05 hd=3.0e-04
  Epoch   3/150 | loss: 0.4238 | val AUC: 0.7328 | LR bb=1.0e-05 hd=3.0e-04
  Epoch   4/150 | loss: 0.3534 | val AUC: 0.7345 | LR bb=1.0e-05 hd=3.0e-04
  Epoch   5/150 | loss: 0.3182 | val AUC: 0.7431 | LR bb=1.0e-05 hd=3.0e-04
  Epoch   6/150 | loss: 0.3439 | val AUC: 0.6879 | LR bb=1.0e-05 hd=3.0e-04
  Epoch   7/150 | loss: 0.2907 | val AUC: 0.7621 | LR bb=9.9e-06 hd=3.0e-04
  Epoch   8/150 | loss: 0.2304 | val AUC: 0.7379 | LR bb=9.9e-06 hd=3.0e-04
  Epoch   9/150 | loss: 0.3092 | val AUC: 0.7569 | LR bb=9.9e-06 hd=3.0e-04
  Epoch  10/150 | loss: 0.2974 | val AUC: 0.7655 | LR bb=9.9e-06 hd=3.0e-04
  Epoch  11/150 | loss: 0.2238 | val AUC: 0.6931 | LR bb=9.9e-06 hd=3.0e-04
  Epoch  12/150 | loss: 0.2118 | val AUC: 0.7552 | LR bb=9.8e-06 hd=3.0e-04
  Epoch  13/150 | loss: 0.2255 | val AUC: 0.6586 | LR bb=9.8e-06 hd=2.9e-04
  Epoch  14/150 | loss: 0.2762 | val AUC: 0.7672 | LR bb=9.8e-06 hd=2.9e-04
  Epoch  15/150 | loss: 0.1453 | val AUC: 0.7707 | LR bb=9.8e-06 hd=2.9e-04
  Epoch  16/150 | loss: 0.2093 | val AUC: 0.7621 | LR bb=9.7e-06 hd=2.9e-04
  Epoch  17/150 | loss: 0.1976 | val AUC: 0.8190 | LR bb=9.7e-06 hd=2.9e-04
  Epoch  18/150 | loss: 0.2803 | val AUC: 0.7483 | LR bb=9.7e-06 hd=2.9e-04
  Epoch  19/150 | loss: 0.3252 | val AUC: 0.7741 | LR bb=9.6e-06 hd=2.9e-04
  Epoch  20/150 | loss: 0.2259 | val AUC: 0.7672 | LR bb=9.6e-06 hd=2.9e-04
  Epoch  21/150 | loss: 0.2096 | val AUC: 0.7879 | LR bb=9.5e-06 hd=2.9e-04
  Epoch  22/150 | loss: 0.1642 | val AUC: 0.7534 | LR bb=9.5e-06 hd=2.8e-04
  Epoch  23/150 | loss: 0.2005 | val AUC: 0.7276 | LR bb=9.4e-06 hd=2.8e-04
  Epoch  24/150 | loss: 0.1592 | val AUC: 0.7431 | LR bb=9.4e-06 hd=2.8e-04
  Epoch  25/150 | loss: 0.1507 | val AUC: 0.7414 | LR bb=9.3e-06 hd=2.8e-04
  Epoch  26/150 | loss: 0.1032 | val AUC: 0.7069 | LR bb=9.3e-06 hd=2.8e-04
  Epoch  27/150 | loss: 0.1222 | val AUC: 0.7345 | LR bb=9.2e-06 hd=2.8e-04
  Epoch  28/150 | loss: 0.2323 | val AUC: 0.7190 | LR bb=9.2e-06 hd=2.7e-04
  Epoch  29/150 | loss: 0.1576 | val AUC: 0.6724 | LR bb=9.1e-06 hd=2.7e-04
  Epoch  30/150 | loss: 0.1686 | val AUC: 0.6897 | LR bb=9.1e-06 hd=2.7e-04
  Epoch  31/150 | loss: 0.3029 | val AUC: 0.6759 | LR bb=9.0e-06 hd=2.7e-04
  Epoch  32/150 | loss: 0.2951 | val AUC: 0.6500 | LR bb=8.9e-06 hd=2.7e-04
  Epoch  33/150 | loss: 0.1819 | val AUC: 0.7310 | LR bb=8.9e-06 hd=2.7e-04
  Epoch  34/150 | loss: 0.2043 | val AUC: 0.6690 | LR bb=8.8e-06 hd=2.6e-04
  Epoch  35/150 | loss: 0.1934 | val AUC: 0.6431 | LR bb=8.7e-06 hd=2.6e-04
  Epoch  36/150 | loss: 0.2031 | val AUC: 0.6414 | LR bb=8.7e-06 hd=2.6e-04
  Epoch  37/150 | loss: 0.1356 | val AUC: 0.6172 | LR bb=8.6e-06 hd=2.6e-04
  Early stop at epoch 37 (no improvement for 20 epochs)

Best val AUC: 0.8190 at epoch 17
initialize_weights...
[model] First conv inflated: 3 → 96 channels (weight tiling ÷32)
[model] proj_head: 1024 → 256 → 2  (dropout=0.4)

=== TEST SET (68 patients: csPCa=10, ciPCa=58) ===
AUC-ROC     : 0.8983
Sensitivity : 0.9000
Specificity : 0.7586
F1 (csPCa)  : 0.5455
TP=9  FP=14  TN=44  FN=1
End: Sun Jun 28 12:38:31 EDT 2026
