Job ID: 9549482
Node:   g7
GPU:    0
Run:    slice_tf_small
Extra:  none
Start:  Sun Jun 28 18:19:45 EDT 2026
Device: cuda
Config saved: /geode3/home/u070/ohjiye/Quartz/MedImage/ProstateCls/slice_transformer/output/slice_tf_small/config.json
Total: 451  csPCa: 65  ciPCa: 386
Split → train: 315 (csPCa=45) | val: 68 (csPCa=10) | test: 68 (csPCa=10)

==================================================
Train: 315 (csPCa=45, ciPCa=270)
Val:   68   (csPCa=10, ciPCa=58)
initialize_weights...
[model] Pretrained backbone loaded from /N/slate/ohjiye/medvit_ckpt/MedViT_small.pth
[model] d_model=1024
[model] Transformer: 2 layers, 8 heads, ff=2048
[model] head: 1024 → 512 → 256 → 2  (dropout=0.2)
[model] backbone: MedViT_small  stem: 3ch pretrained (unchanged)
  Class weights: ciPCa=0.583  csPCa=3.500  (1:6.0)
  Loss: CrossEntropyLoss
  Optimizer: backbone LR=1e-05, transformer+head LR=0.0003
  Epoch   1/150 | loss: 1.3355 | val AUC: 0.2483 | LR bb=1.0e-05 hd=3.0e-04
  Epoch   2/150 | loss: 1.6783 | val AUC: 0.5121 | LR bb=1.0e-05 hd=3.0e-04
  Epoch   3/150 | loss: 1.4319 | val AUC: 0.4897 | LR bb=1.0e-05 hd=3.0e-04
  Epoch   4/150 | loss: 1.3955 | val AUC: 0.6759 | LR bb=1.0e-05 hd=3.0e-04
  Epoch   5/150 | loss: 1.7506 | val AUC: 0.7207 | LR bb=1.0e-05 hd=3.0e-04
  Epoch   6/150 | loss: 1.8253 | val AUC: 0.4534 | LR bb=1.0e-05 hd=3.0e-04
  Epoch   7/150 | loss: 1.7372 | val AUC: 0.6931 | LR bb=9.9e-06 hd=3.0e-04
  Epoch   8/150 | loss: 1.8259 | val AUC: 0.5724 | LR bb=9.9e-06 hd=3.0e-04
  Epoch   9/150 | loss: 1.9561 | val AUC: 0.6983 | LR bb=9.9e-06 hd=3.0e-04
  Epoch  10/150 | loss: 1.6584 | val AUC: 0.6759 | LR bb=9.9e-06 hd=3.0e-04
  Epoch  11/150 | loss: 1.7309 | val AUC: 0.5431 | LR bb=9.9e-06 hd=3.0e-04
  Epoch  12/150 | loss: 1.8188 | val AUC: 0.5638 | LR bb=9.8e-06 hd=3.0e-04
  Epoch  13/150 | loss: 1.7624 | val AUC: 0.6138 | LR bb=9.8e-06 hd=2.9e-04
  Epoch  14/150 | loss: 1.8047 | val AUC: 0.6759 | LR bb=9.8e-06 hd=2.9e-04
  Epoch  15/150 | loss: 1.6565 | val AUC: 0.7121 | LR bb=9.8e-06 hd=2.9e-04
  Epoch  16/150 | loss: 1.8092 | val AUC: 0.6431 | LR bb=9.7e-06 hd=2.9e-04
  Epoch  17/150 | loss: 1.7891 | val AUC: 0.7121 | LR bb=9.7e-06 hd=2.9e-04
  Epoch  18/150 | loss: 1.7521 | val AUC: 0.5310 | LR bb=9.7e-06 hd=2.9e-04
  Epoch  19/150 | loss: 1.6464 | val AUC: 0.5655 | LR bb=9.6e-06 hd=2.9e-04
  Epoch  20/150 | loss: 1.5001 | val AUC: 0.6810 | LR bb=9.6e-06 hd=2.9e-04
  Epoch  21/150 | loss: 1.7717 | val AUC: 0.7672 | LR bb=9.5e-06 hd=2.9e-04
  Epoch  22/150 | loss: 1.5482 | val AUC: 0.7931 | LR bb=9.5e-06 hd=2.8e-04
  Epoch  23/150 | loss: 1.6976 | val AUC: 0.6500 | LR bb=9.4e-06 hd=2.8e-04
  Epoch  24/150 | loss: 1.5826 | val AUC: 0.6845 | LR bb=9.4e-06 hd=2.8e-04
  Epoch  25/150 | loss: 1.6213 | val AUC: 0.6741 | LR bb=9.3e-06 hd=2.8e-04
  Epoch  26/150 | loss: 1.4231 | val AUC: 0.4569 | LR bb=9.3e-06 hd=2.8e-04
  Epoch  27/150 | loss: 1.4555 | val AUC: 0.5483 | LR bb=9.2e-06 hd=2.8e-04
  Epoch  28/150 | loss: 1.7385 | val AUC: 0.5879 | LR bb=9.2e-06 hd=2.7e-04
  Epoch  29/150 | loss: 1.5910 | val AUC: 0.5431 | LR bb=9.1e-06 hd=2.7e-04
  Epoch  30/150 | loss: 1.6083 | val AUC: 0.6414 | LR bb=9.1e-06 hd=2.7e-04
  Epoch  31/150 | loss: 1.4961 | val AUC: 0.7448 | LR bb=9.0e-06 hd=2.7e-04
  Epoch  32/150 | loss: 1.5348 | val AUC: 0.7069 | LR bb=8.9e-06 hd=2.7e-04
  Epoch  33/150 | loss: 1.4487 | val AUC: 0.6397 | LR bb=8.9e-06 hd=2.7e-04
  Epoch  34/150 | loss: 1.4985 | val AUC: 0.6328 | LR bb=8.8e-06 hd=2.6e-04
  Epoch  35/150 | loss: 1.2460 | val AUC: 0.5138 | LR bb=8.7e-06 hd=2.6e-04
  Epoch  36/150 | loss: 1.6190 | val AUC: 0.5638 | LR bb=8.7e-06 hd=2.6e-04
  Epoch  37/150 | loss: 1.4371 | val AUC: 0.7759 | LR bb=8.6e-06 hd=2.6e-04
  Epoch  38/150 | loss: 1.3125 | val AUC: 0.7828 | LR bb=8.5e-06 hd=2.5e-04
  Epoch  39/150 | loss: 1.3436 | val AUC: 0.6914 | LR bb=8.4e-06 hd=2.5e-04
  Epoch  40/150 | loss: 1.3476 | val AUC: 0.8241 | LR bb=8.4e-06 hd=2.5e-04
  Epoch  41/150 | loss: 1.3956 | val AUC: 0.6897 | LR bb=8.3e-06 hd=2.5e-04
  Epoch  42/150 | loss: 1.0977 | val AUC: 0.7328 | LR bb=8.2e-06 hd=2.5e-04
  Epoch  43/150 | loss: 1.0898 | val AUC: 0.7397 | LR bb=8.1e-06 hd=2.4e-04
  Epoch  44/150 | loss: 1.1708 | val AUC: 0.7155 | LR bb=8.0e-06 hd=2.4e-04
  Epoch  45/150 | loss: 1.0476 | val AUC: 0.7414 | LR bb=8.0e-06 hd=2.4e-04
  Epoch  46/150 | loss: 1.0447 | val AUC: 0.7017 | LR bb=7.9e-06 hd=2.4e-04
  Epoch  47/150 | loss: 0.9251 | val AUC: 0.7138 | LR bb=7.8e-06 hd=2.3e-04
  Epoch  48/150 | loss: 0.9476 | val AUC: 0.7466 | LR bb=7.7e-06 hd=2.3e-04
  Epoch  49/150 | loss: 0.8914 | val AUC: 0.5690 | LR bb=7.6e-06 hd=2.3e-04
  Epoch  50/150 | loss: 0.8363 | val AUC: 0.5466 | LR bb=7.5e-06 hd=2.3e-04
  Epoch  51/150 | loss: 0.9925 | val AUC: 0.5983 | LR bb=7.4e-06 hd=2.2e-04
  Epoch  52/150 | loss: 0.7750 | val AUC: 0.5879 | LR bb=7.3e-06 hd=2.2e-04
  Epoch  53/150 | loss: 0.7737 | val AUC: 0.7069 | LR bb=7.3e-06 hd=2.2e-04
  Epoch  54/150 | loss: 0.7374 | val AUC: 0.6724 | LR bb=7.2e-06 hd=2.1e-04
  Epoch  55/150 | loss: 0.4911 | val AUC: 0.7638 | LR bb=7.1e-06 hd=2.1e-04
  Epoch  56/150 | loss: 0.8025 | val AUC: 0.7690 | LR bb=7.0e-06 hd=2.1e-04
  Epoch  57/150 | loss: 0.7132 | val AUC: 0.6241 | LR bb=6.9e-06 hd=2.1e-04
  Epoch  58/150 | loss: 0.8119 | val AUC: 0.6517 | LR bb=6.8e-06 hd=2.0e-04
  Epoch  59/150 | loss: 0.5174 | val AUC: 0.6638 | LR bb=6.7e-06 hd=2.0e-04
  Epoch  60/150 | loss: 0.4261 | val AUC: 0.6690 | LR bb=6.6e-06 hd=2.0e-04
  Early stop at epoch 60 (no improvement for 20 epochs)

Best val AUC: 0.8241 at epoch 40
initialize_weights...
[model] d_model=1024
[model] Transformer: 2 layers, 8 heads, ff=2048
[model] head: 1024 → 512 → 256 → 2  (dropout=0.2)
[model] backbone: MedViT_small  stem: 3ch pretrained (unchanged)

=== TEST SET (68 patients: csPCa=10, ciPCa=58) ===
AUC-ROC     : 0.7638
Sensitivity : 0.2000
Specificity : 0.9483
F1 (csPCa)  : 0.2667
TP=2  FP=3  TN=55  FN=8
End: Sun Jun 28 20:16:01 EDT 2026
