Job ID: 9549375
Node:   g7
GPU:    0
Run:    base_ce
Extra:  --backbone base
Start:  Sun Jun 28 17:30:16 EDT 2026
Device: cuda
initialize_weights...
[model] First conv inflated: 3 → 96 channels (weight tiling ÷32)
[model] backbone: MedViT_base  proj_head: 1024 → 512 → 256 → 2  (dropout=0.2)
Config saved: /geode3/home/u070/ohjiye/Quartz/MedImage/ProstateCls/output/base_ce/config.json
Total: 451  csPCa: 65  ciPCa: 386
Split → train: 315 (csPCa=45) | val: 68 (csPCa=10) | test: 68 (csPCa=10)

==================================================
Train: 315 (csPCa=45, ciPCa=270)
Val:   68   (csPCa=10, ciPCa=58)
initialize_weights...
[model] Pretrained backbone loaded from /N/slate/ohjiye/medvit_ckpt/MedViT_base.pth
[model] First conv inflated: 3 → 96 channels (weight tiling ÷32)
[model] backbone: MedViT_base  proj_head: 1024 → 512 → 256 → 2  (dropout=0.2)
  Class weights: ciPCa=0.583  csPCa=3.500  (1:6.0)
  Loss: CrossEntropyLoss
  Optimizer: backbone LR=1e-05, head(stem+proj) LR=0.0003
  Epoch   1/150 | loss: 0.5516 | val AUC: 0.6672 | LR bb=1.0e-05 hd=3.0e-04
  Epoch   2/150 | loss: 0.3644 | val AUC: 0.7121 | LR bb=1.0e-05 hd=3.0e-04
  Epoch   3/150 | loss: 0.3168 | val AUC: 0.7121 | LR bb=1.0e-05 hd=3.0e-04
  Epoch   4/150 | loss: 0.3467 | val AUC: 0.7603 | LR bb=1.0e-05 hd=3.0e-04
  Epoch   5/150 | loss: 0.2684 | val AUC: 0.7569 | LR bb=1.0e-05 hd=3.0e-04
  Epoch   6/150 | loss: 0.2588 | val AUC: 0.7207 | LR bb=1.0e-05 hd=3.0e-04
  Epoch   7/150 | loss: 0.2401 | val AUC: 0.7707 | LR bb=9.9e-06 hd=3.0e-04
  Epoch   8/150 | loss: 0.2663 | val AUC: 0.7586 | LR bb=9.9e-06 hd=3.0e-04
  Epoch   9/150 | loss: 0.1792 | val AUC: 0.6690 | LR bb=9.9e-06 hd=3.0e-04
  Epoch  10/150 | loss: 0.1993 | val AUC: 0.7828 | LR bb=9.9e-06 hd=3.0e-04
  Epoch  11/150 | loss: 0.2481 | val AUC: 0.7224 | LR bb=9.9e-06 hd=3.0e-04
  Epoch  12/150 | loss: 0.2558 | val AUC: 0.6793 | LR bb=9.8e-06 hd=3.0e-04
  Epoch  13/150 | loss: 0.2961 | val AUC: 0.7862 | LR bb=9.8e-06 hd=2.9e-04
  Epoch  14/150 | loss: 0.1736 | val AUC: 0.6931 | LR bb=9.8e-06 hd=2.9e-04
  Epoch  15/150 | loss: 0.1346 | val AUC: 0.7224 | LR bb=9.8e-06 hd=2.9e-04
  Epoch  16/150 | loss: 0.2661 | val AUC: 0.7207 | LR bb=9.7e-06 hd=2.9e-04
  Epoch  17/150 | loss: 0.2047 | val AUC: 0.7638 | LR bb=9.7e-06 hd=2.9e-04
  Epoch  18/150 | loss: 0.1805 | val AUC: 0.6586 | LR bb=9.7e-06 hd=2.9e-04
  Epoch  19/150 | loss: 0.1839 | val AUC: 0.7362 | LR bb=9.6e-06 hd=2.9e-04
  Epoch  20/150 | loss: 0.1698 | val AUC: 0.7397 | LR bb=9.6e-06 hd=2.9e-04
  Epoch  21/150 | loss: 0.1722 | val AUC: 0.6776 | LR bb=9.5e-06 hd=2.9e-04
  Epoch  22/150 | loss: 0.1217 | val AUC: 0.6155 | LR bb=9.5e-06 hd=2.8e-04
  Epoch  23/150 | loss: 0.1844 | val AUC: 0.4983 | LR bb=9.4e-06 hd=2.8e-04
  Epoch  24/150 | loss: 0.2483 | val AUC: 0.7086 | LR bb=9.4e-06 hd=2.8e-04
  Epoch  25/150 | loss: 0.0912 | val AUC: 0.6672 | LR bb=9.3e-06 hd=2.8e-04
  Epoch  26/150 | loss: 0.0910 | val AUC: 0.7397 | LR bb=9.3e-06 hd=2.8e-04
  Epoch  27/150 | loss: 0.3446 | val AUC: 0.5897 | LR bb=9.2e-06 hd=2.8e-04
  Epoch  28/150 | loss: 0.1980 | val AUC: 0.6845 | LR bb=9.2e-06 hd=2.7e-04
  Epoch  29/150 | loss: 0.0942 | val AUC: 0.6621 | LR bb=9.1e-06 hd=2.7e-04
  Epoch  30/150 | loss: 0.1380 | val AUC: 0.7172 | LR bb=9.1e-06 hd=2.7e-04
  Epoch  31/150 | loss: 0.2130 | val AUC: 0.5862 | LR bb=9.0e-06 hd=2.7e-04
  Epoch  32/150 | loss: 0.1325 | val AUC: 0.7517 | LR bb=8.9e-06 hd=2.7e-04
  Epoch  33/150 | loss: 0.0947 | val AUC: 0.7259 | LR bb=8.9e-06 hd=2.7e-04
  Early stop at epoch 33 (no improvement for 20 epochs)

Best val AUC: 0.7862 at epoch 13
initialize_weights...
[model] First conv inflated: 3 → 96 channels (weight tiling ÷32)
[model] backbone: MedViT_base  proj_head: 1024 → 512 → 256 → 2  (dropout=0.2)

=== TEST SET (68 patients: csPCa=10, ciPCa=58) ===
AUC-ROC     : 0.9069
Sensitivity : 0.8000
Specificity : 0.8966
F1 (csPCa)  : 0.6667
TP=8  FP=6  TN=52  FN=2
End: Sun Jun 28 17:43:31 EDT 2026
