Job ID: 9550842
Node:   g8
GPU:    0
Run:    adapter_base_rlrop
Extra:  none
Start:  Sun Jun 28 21:11:06 EDT 2026
Device: cuda
initialize_weights...
[model] Channel adapter: 96 → 3 → 64 (1-layer 1×1 + pretrained 3×3)
[model] backbone: MedViT_base  proj_head: 1024 → 512 → 256 → 2  (dropout=0.2)
Config saved: /geode3/home/u070/ohjiye/Quartz/MedImage/ProstateCls/channel_adapter/output/adapter_base_rlrop/config.json
Total: 451  csPCa: 65  ciPCa: 386
Split → train: 315 (csPCa=45) | val: 68 (csPCa=10) | test: 68 (csPCa=10)

==================================================
Train: 315 (csPCa=45, ciPCa=270)
Val:   68   (csPCa=10, ciPCa=58)
initialize_weights...
[model] Pretrained backbone loaded from /N/slate/ohjiye/medvit_ckpt/MedViT_base.pth
[model] Channel adapter: 96 → 3 → 64 (1-layer 1×1 + pretrained 3×3)
[model] backbone: MedViT_base  proj_head: 1024 → 512 → 256 → 2  (dropout=0.2)
  Class weights: ciPCa=0.583  csPCa=3.500  (1:6.0)
  Loss: CrossEntropyLoss
  Optimizer: backbone LR=1e-05, adapter LR=0.0001, proj_head LR=0.0003
  Epoch   1/150 | loss: 0.5818 | val AUC: 0.7552 | LR bb=1.0e-05 adapter=1.0e-04 hd=3.0e-04
  Epoch   2/150 | loss: 0.4606 | val AUC: 0.7155 | LR bb=1.0e-05 adapter=1.0e-04 hd=3.0e-04
  Epoch   3/150 | loss: 0.4727 | val AUC: 0.7328 | LR bb=1.0e-05 adapter=1.0e-04 hd=3.0e-04
  Epoch   4/150 | loss: 0.3906 | val AUC: 0.7362 | LR bb=1.0e-05 adapter=1.0e-04 hd=3.0e-04
  Epoch   5/150 | loss: 0.3652 | val AUC: 0.7138 | LR bb=1.0e-05 adapter=1.0e-04 hd=3.0e-04
  Epoch   6/150 | loss: 0.3685 | val AUC: 0.7310 | LR bb=1.0e-05 adapter=1.0e-04 hd=3.0e-04
  Epoch   7/150 | loss: 0.3793 | val AUC: 0.7879 | LR bb=1.0e-05 adapter=1.0e-04 hd=3.0e-04
  Epoch   8/150 | loss: 0.2658 | val AUC: 0.7259 | LR bb=1.0e-05 adapter=1.0e-04 hd=3.0e-04
  Epoch   9/150 | loss: 0.3100 | val AUC: 0.6793 | LR bb=1.0e-05 adapter=1.0e-04 hd=3.0e-04
  Epoch  10/150 | loss: 0.3017 | val AUC: 0.6724 | LR bb=1.0e-05 adapter=1.0e-04 hd=3.0e-04
  Epoch  11/150 | loss: 0.2520 | val AUC: 0.7155 | LR bb=1.0e-05 adapter=1.0e-04 hd=3.0e-04
  Epoch  12/150 | loss: 0.2528 | val AUC: 0.6621 | LR bb=1.0e-05 adapter=1.0e-04 hd=3.0e-04
  Epoch  13/150 | loss: 0.2576 | val AUC: 0.7172 | LR bb=1.0e-05 adapter=1.0e-04 hd=3.0e-04
  Epoch  14/150 | loss: 0.2660 | val AUC: 0.6793 | LR bb=1.0e-05 adapter=1.0e-04 hd=3.0e-04
  Epoch  15/150 | loss: 0.2258 | val AUC: 0.7241 | LR bb=1.0e-05 adapter=1.0e-04 hd=3.0e-04
  Epoch  16/150 | loss: 0.2755 | val AUC: 0.6879 | LR bb=1.0e-05 adapter=1.0e-04 hd=3.0e-04
  Epoch  17/150 | loss: 0.2167 | val AUC: 0.6741 | LR bb=1.0e-05 adapter=1.0e-04 hd=3.0e-04
  Epoch  18/150 | loss: 0.3059 | val AUC: 0.6810 | LR bb=5.0e-06 adapter=5.0e-05 hd=1.5e-04
  LR reduced: 3.0e-04 → 1.5e-04  (patience reset)
  Epoch  19/150 | loss: 0.2383 | val AUC: 0.7155 | LR bb=5.0e-06 adapter=5.0e-05 hd=1.5e-04
  Epoch  20/150 | loss: 0.2016 | val AUC: 0.7052 | LR bb=5.0e-06 adapter=5.0e-05 hd=1.5e-04
  Epoch  21/150 | loss: 0.1866 | val AUC: 0.6483 | LR bb=5.0e-06 adapter=5.0e-05 hd=1.5e-04
  Epoch  22/150 | loss: 0.1790 | val AUC: 0.6655 | LR bb=5.0e-06 adapter=5.0e-05 hd=1.5e-04
  Epoch  23/150 | loss: 0.3166 | val AUC: 0.6931 | LR bb=5.0e-06 adapter=5.0e-05 hd=1.5e-04
  Epoch  24/150 | loss: 0.2413 | val AUC: 0.6569 | LR bb=5.0e-06 adapter=5.0e-05 hd=1.5e-04
  Epoch  25/150 | loss: 0.1016 | val AUC: 0.7207 | LR bb=5.0e-06 adapter=5.0e-05 hd=1.5e-04
  Epoch  26/150 | loss: 0.1509 | val AUC: 0.6552 | LR bb=5.0e-06 adapter=5.0e-05 hd=1.5e-04
  Epoch  27/150 | loss: 0.3345 | val AUC: 0.6655 | LR bb=5.0e-06 adapter=5.0e-05 hd=1.5e-04
  Epoch  28/150 | loss: 0.2841 | val AUC: 0.7017 | LR bb=5.0e-06 adapter=5.0e-05 hd=1.5e-04
  Epoch  29/150 | loss: 0.2061 | val AUC: 0.6500 | LR bb=2.5e-06 adapter=2.5e-05 hd=7.5e-05
  LR reduced: 1.5e-04 → 7.5e-05  (patience reset)
  Epoch  30/150 | loss: 0.1786 | val AUC: 0.6638 | LR bb=2.5e-06 adapter=2.5e-05 hd=7.5e-05
  Epoch  31/150 | loss: 0.1936 | val AUC: 0.6431 | LR bb=2.5e-06 adapter=2.5e-05 hd=7.5e-05
  Epoch  32/150 | loss: 0.2175 | val AUC: 0.6638 | LR bb=2.5e-06 adapter=2.5e-05 hd=7.5e-05
  Epoch  33/150 | loss: 0.2434 | val AUC: 0.6190 | LR bb=2.5e-06 adapter=2.5e-05 hd=7.5e-05
  Epoch  34/150 | loss: 0.1598 | val AUC: 0.6276 | LR bb=2.5e-06 adapter=2.5e-05 hd=7.5e-05
  Epoch  35/150 | loss: 0.1344 | val AUC: 0.6172 | LR bb=2.5e-06 adapter=2.5e-05 hd=7.5e-05
  Epoch  36/150 | loss: 0.1436 | val AUC: 0.6707 | LR bb=2.5e-06 adapter=2.5e-05 hd=7.5e-05
  Epoch  37/150 | loss: 0.1988 | val AUC: 0.6810 | LR bb=2.5e-06 adapter=2.5e-05 hd=7.5e-05
  Epoch  38/150 | loss: 0.1627 | val AUC: 0.6724 | LR bb=2.5e-06 adapter=2.5e-05 hd=7.5e-05
  Epoch  39/150 | loss: 0.2315 | val AUC: 0.6397 | LR bb=2.5e-06 adapter=2.5e-05 hd=7.5e-05
  Epoch  40/150 | loss: 0.1990 | val AUC: 0.6672 | LR bb=1.3e-06 adapter=1.3e-05 hd=3.7e-05
  LR reduced: 7.5e-05 → 3.7e-05  (patience reset)
  Epoch  41/150 | loss: 0.0699 | val AUC: 0.6759 | LR bb=1.3e-06 adapter=1.3e-05 hd=3.7e-05
  Epoch  42/150 | loss: 0.1871 | val AUC: 0.6621 | LR bb=1.3e-06 adapter=1.3e-05 hd=3.7e-05
  Epoch  43/150 | loss: 0.1019 | val AUC: 0.6397 | LR bb=1.3e-06 adapter=1.3e-05 hd=3.7e-05
  Epoch  44/150 | loss: 0.1543 | val AUC: 0.6603 | LR bb=1.3e-06 adapter=1.3e-05 hd=3.7e-05
  Epoch  45/150 | loss: 0.1157 | val AUC: 0.6552 | LR bb=1.3e-06 adapter=1.3e-05 hd=3.7e-05
  Epoch  46/150 | loss: 0.1408 | val AUC: 0.6621 | LR bb=1.3e-06 adapter=1.3e-05 hd=3.7e-05
  Epoch  47/150 | loss: 0.1469 | val AUC: 0.6621 | LR bb=1.3e-06 adapter=1.3e-05 hd=3.7e-05
  Epoch  48/150 | loss: 0.1793 | val AUC: 0.6310 | LR bb=1.3e-06 adapter=1.3e-05 hd=3.7e-05
  Epoch  49/150 | loss: 0.1333 | val AUC: 0.5741 | LR bb=1.3e-06 adapter=1.3e-05 hd=3.7e-05
  Epoch  50/150 | loss: 0.1466 | val AUC: 0.5966 | LR bb=1.3e-06 adapter=1.3e-05 hd=3.7e-05
  Epoch  51/150 | loss: 0.2225 | val AUC: 0.6190 | LR bb=6.3e-07 adapter=6.3e-06 hd=1.9e-05
  LR reduced: 3.7e-05 → 1.9e-05  (patience reset)
  Epoch  52/150 | loss: 0.1665 | val AUC: 0.6293 | LR bb=6.3e-07 adapter=6.3e-06 hd=1.9e-05
  Epoch  53/150 | loss: 0.1061 | val AUC: 0.6138 | LR bb=6.3e-07 adapter=6.3e-06 hd=1.9e-05
  Epoch  54/150 | loss: 0.1297 | val AUC: 0.5931 | LR bb=6.3e-07 adapter=6.3e-06 hd=1.9e-05
  Epoch  55/150 | loss: 0.1570 | val AUC: 0.6155 | LR bb=6.3e-07 adapter=6.3e-06 hd=1.9e-05
  Epoch  56/150 | loss: 0.1733 | val AUC: 0.6052 | LR bb=6.3e-07 adapter=6.3e-06 hd=1.9e-05
  Epoch  57/150 | loss: 0.2287 | val AUC: 0.6034 | LR bb=6.3e-07 adapter=6.3e-06 hd=1.9e-05
  Epoch  58/150 | loss: 0.0889 | val AUC: 0.6293 | LR bb=6.3e-07 adapter=6.3e-06 hd=1.9e-05
  Epoch  59/150 | loss: 0.1936 | val AUC: 0.6190 | LR bb=6.3e-07 adapter=6.3e-06 hd=1.9e-05
  Epoch  60/150 | loss: 0.2982 | val AUC: 0.6155 | LR bb=6.3e-07 adapter=6.3e-06 hd=1.9e-05
  Epoch  61/150 | loss: 0.2488 | val AUC: 0.6414 | LR bb=6.3e-07 adapter=6.3e-06 hd=1.9e-05
  Epoch  62/150 | loss: 0.2048 | val AUC: 0.6448 | LR bb=3.1e-07 adapter=3.1e-06 hd=9.4e-06
  LR reduced: 1.9e-05 → 9.4e-06  (patience reset)
  Epoch  63/150 | loss: 0.1757 | val AUC: 0.6034 | LR bb=3.1e-07 adapter=3.1e-06 hd=9.4e-06
  Epoch  64/150 | loss: 0.1450 | val AUC: 0.6259 | LR bb=3.1e-07 adapter=3.1e-06 hd=9.4e-06
  Epoch  65/150 | loss: 0.1079 | val AUC: 0.6293 | LR bb=3.1e-07 adapter=3.1e-06 hd=9.4e-06
  Epoch  66/150 | loss: 0.1591 | val AUC: 0.6259 | LR bb=3.1e-07 adapter=3.1e-06 hd=9.4e-06
  Epoch  67/150 | loss: 0.1888 | val AUC: 0.6259 | LR bb=3.1e-07 adapter=3.1e-06 hd=9.4e-06
  Epoch  68/150 | loss: 0.0503 | val AUC: 0.6379 | LR bb=3.1e-07 adapter=3.1e-06 hd=9.4e-06
  Epoch  69/150 | loss: 0.1187 | val AUC: 0.5741 | LR bb=3.1e-07 adapter=3.1e-06 hd=9.4e-06
  Epoch  70/150 | loss: 0.1438 | val AUC: 0.6034 | LR bb=3.1e-07 adapter=3.1e-06 hd=9.4e-06
  Epoch  71/150 | loss: 0.1009 | val AUC: 0.6069 | LR bb=3.1e-07 adapter=3.1e-06 hd=9.4e-06
  Epoch  72/150 | loss: 0.1325 | val AUC: 0.6069 | LR bb=3.1e-07 adapter=3.1e-06 hd=9.4e-06
  Epoch  73/150 | loss: 0.0910 | val AUC: 0.6000 | LR bb=1.6e-07 adapter=1.6e-06 hd=4.7e-06
  LR reduced: 9.4e-06 → 4.7e-06  (patience reset)
  Epoch  74/150 | loss: 0.1580 | val AUC: 0.5914 | LR bb=1.6e-07 adapter=1.6e-06 hd=4.7e-06
  Epoch  75/150 | loss: 0.2531 | val AUC: 0.6172 | LR bb=1.6e-07 adapter=1.6e-06 hd=4.7e-06
  Epoch  76/150 | loss: 0.2091 | val AUC: 0.6086 | LR bb=1.6e-07 adapter=1.6e-06 hd=4.7e-06
  Epoch  77/150 | loss: 0.2416 | val AUC: 0.6000 | LR bb=1.6e-07 adapter=1.6e-06 hd=4.7e-06
  Epoch  78/150 | loss: 0.1514 | val AUC: 0.5966 | LR bb=1.6e-07 adapter=1.6e-06 hd=4.7e-06
  Epoch  79/150 | loss: 0.2557 | val AUC: 0.5845 | LR bb=1.6e-07 adapter=1.6e-06 hd=4.7e-06
  Epoch  80/150 | loss: 0.1904 | val AUC: 0.6207 | LR bb=1.6e-07 adapter=1.6e-06 hd=4.7e-06
  Epoch  81/150 | loss: 0.1542 | val AUC: 0.6103 | LR bb=1.6e-07 adapter=1.6e-06 hd=4.7e-06
  Epoch  82/150 | loss: 0.1090 | val AUC: 0.6241 | LR bb=1.6e-07 adapter=1.6e-06 hd=4.7e-06
  Epoch  83/150 | loss: 0.1425 | val AUC: 0.5966 | LR bb=1.6e-07 adapter=1.6e-06 hd=4.7e-06
  Epoch  84/150 | loss: 0.1873 | val AUC: 0.6155 | LR bb=1.0e-07 adapter=7.8e-07 hd=2.3e-06
  LR reduced: 4.7e-06 → 2.3e-06  (patience reset)
  Epoch  85/150 | loss: 0.1874 | val AUC: 0.6259 | LR bb=1.0e-07 adapter=7.8e-07 hd=2.3e-06
  Epoch  86/150 | loss: 0.1182 | val AUC: 0.6121 | LR bb=1.0e-07 adapter=7.8e-07 hd=2.3e-06
  Epoch  87/150 | loss: 0.1648 | val AUC: 0.6000 | LR bb=1.0e-07 adapter=7.8e-07 hd=2.3e-06
  Epoch  88/150 | loss: 0.1187 | val AUC: 0.6121 | LR bb=1.0e-07 adapter=7.8e-07 hd=2.3e-06
  Epoch  89/150 | loss: 0.1755 | val AUC: 0.6190 | LR bb=1.0e-07 adapter=7.8e-07 hd=2.3e-06
  Epoch  90/150 | loss: 0.1259 | val AUC: 0.5966 | LR bb=1.0e-07 adapter=7.8e-07 hd=2.3e-06
  Epoch  91/150 | loss: 0.1847 | val AUC: 0.6121 | LR bb=1.0e-07 adapter=7.8e-07 hd=2.3e-06
  Epoch  92/150 | loss: 0.1724 | val AUC: 0.6017 | LR bb=1.0e-07 adapter=7.8e-07 hd=2.3e-06
  Epoch  93/150 | loss: 0.1905 | val AUC: 0.5931 | LR bb=1.0e-07 adapter=7.8e-07 hd=2.3e-06
  Epoch  94/150 | loss: 0.1338 | val AUC: 0.6017 | LR bb=1.0e-07 adapter=7.8e-07 hd=2.3e-06
  Epoch  95/150 | loss: 0.1417 | val AUC: 0.6345 | LR bb=1.0e-07 adapter=3.9e-07 hd=1.2e-06
  LR reduced: 2.3e-06 → 1.2e-06  (patience reset)
  Epoch  96/150 | loss: 0.0879 | val AUC: 0.6241 | LR bb=1.0e-07 adapter=3.9e-07 hd=1.2e-06
  Epoch  97/150 | loss: 0.2395 | val AUC: 0.6121 | LR bb=1.0e-07 adapter=3.9e-07 hd=1.2e-06
  Epoch  98/150 | loss: 0.1089 | val AUC: 0.5897 | LR bb=1.0e-07 adapter=3.9e-07 hd=1.2e-06
  Epoch  99/150 | loss: 0.1001 | val AUC: 0.6086 | LR bb=1.0e-07 adapter=3.9e-07 hd=1.2e-06
  Epoch 100/150 | loss: 0.1046 | val AUC: 0.6448 | LR bb=1.0e-07 adapter=3.9e-07 hd=1.2e-06
  Epoch 101/150 | loss: 0.1736 | val AUC: 0.6414 | LR bb=1.0e-07 adapter=3.9e-07 hd=1.2e-06
  Epoch 102/150 | loss: 0.1705 | val AUC: 0.6345 | LR bb=1.0e-07 adapter=3.9e-07 hd=1.2e-06
  Epoch 103/150 | loss: 0.2042 | val AUC: 0.6086 | LR bb=1.0e-07 adapter=3.9e-07 hd=1.2e-06
  Epoch 104/150 | loss: 0.1845 | val AUC: 0.5862 | LR bb=1.0e-07 adapter=3.9e-07 hd=1.2e-06
  Epoch 105/150 | loss: 0.1626 | val AUC: 0.6345 | LR bb=1.0e-07 adapter=3.9e-07 hd=1.2e-06
  Epoch 106/150 | loss: 0.1649 | val AUC: 0.6103 | LR bb=1.0e-07 adapter=2.0e-07 hd=5.9e-07
  LR reduced: 1.2e-06 → 5.9e-07  (patience reset)
  Epoch 107/150 | loss: 0.1105 | val AUC: 0.6293 | LR bb=1.0e-07 adapter=2.0e-07 hd=5.9e-07
  Epoch 108/150 | loss: 0.0965 | val AUC: 0.5879 | LR bb=1.0e-07 adapter=2.0e-07 hd=5.9e-07
  Epoch 109/150 | loss: 0.2356 | val AUC: 0.6103 | LR bb=1.0e-07 adapter=2.0e-07 hd=5.9e-07
  Epoch 110/150 | loss: 0.1042 | val AUC: 0.5983 | LR bb=1.0e-07 adapter=2.0e-07 hd=5.9e-07
  Epoch 111/150 | loss: 0.1112 | val AUC: 0.5879 | LR bb=1.0e-07 adapter=2.0e-07 hd=5.9e-07
  Epoch 112/150 | loss: 0.1223 | val AUC: 0.5724 | LR bb=1.0e-07 adapter=2.0e-07 hd=5.9e-07
  Epoch 113/150 | loss: 0.1313 | val AUC: 0.6069 | LR bb=1.0e-07 adapter=2.0e-07 hd=5.9e-07
  Epoch 114/150 | loss: 0.1836 | val AUC: 0.6552 | LR bb=1.0e-07 adapter=2.0e-07 hd=5.9e-07
  Epoch 115/150 | loss: 0.0457 | val AUC: 0.6241 | LR bb=1.0e-07 adapter=2.0e-07 hd=5.9e-07
  Epoch 116/150 | loss: 0.1163 | val AUC: 0.5879 | LR bb=1.0e-07 adapter=2.0e-07 hd=5.9e-07
  Epoch 117/150 | loss: 0.0566 | val AUC: 0.6328 | LR bb=1.0e-07 adapter=1.0e-07 hd=2.9e-07
  LR reduced: 5.9e-07 → 2.9e-07  (patience reset)
  Epoch 118/150 | loss: 0.1743 | val AUC: 0.5966 | LR bb=1.0e-07 adapter=1.0e-07 hd=2.9e-07
  Epoch 119/150 | loss: 0.1411 | val AUC: 0.5914 | LR bb=1.0e-07 adapter=1.0e-07 hd=2.9e-07
  Epoch 120/150 | loss: 0.1453 | val AUC: 0.6310 | LR bb=1.0e-07 adapter=1.0e-07 hd=2.9e-07
  Epoch 121/150 | loss: 0.1772 | val AUC: 0.5983 | LR bb=1.0e-07 adapter=1.0e-07 hd=2.9e-07
  Epoch 122/150 | loss: 0.1012 | val AUC: 0.6241 | LR bb=1.0e-07 adapter=1.0e-07 hd=2.9e-07
  Epoch 123/150 | loss: 0.1037 | val AUC: 0.6241 | LR bb=1.0e-07 adapter=1.0e-07 hd=2.9e-07
  Epoch 124/150 | loss: 0.1213 | val AUC: 0.6017 | LR bb=1.0e-07 adapter=1.0e-07 hd=2.9e-07
  Epoch 125/150 | loss: 0.1453 | val AUC: 0.6224 | LR bb=1.0e-07 adapter=1.0e-07 hd=2.9e-07
  Epoch 126/150 | loss: 0.1359 | val AUC: 0.6362 | LR bb=1.0e-07 adapter=1.0e-07 hd=2.9e-07
  Epoch 127/150 | loss: 0.1138 | val AUC: 0.6414 | LR bb=1.0e-07 adapter=1.0e-07 hd=2.9e-07
  Epoch 128/150 | loss: 0.1715 | val AUC: 0.6207 | LR bb=1.0e-07 adapter=1.0e-07 hd=1.5e-07
  LR reduced: 2.9e-07 → 1.5e-07  (patience reset)
  Epoch 129/150 | loss: 0.0757 | val AUC: 0.6293 | LR bb=1.0e-07 adapter=1.0e-07 hd=1.5e-07
  Epoch 130/150 | loss: 0.1159 | val AUC: 0.6034 | LR bb=1.0e-07 adapter=1.0e-07 hd=1.5e-07
  Epoch 131/150 | loss: 0.1348 | val AUC: 0.6207 | LR bb=1.0e-07 adapter=1.0e-07 hd=1.5e-07
  Epoch 132/150 | loss: 0.2699 | val AUC: 0.6103 | LR bb=1.0e-07 adapter=1.0e-07 hd=1.5e-07
  Epoch 133/150 | loss: 0.1671 | val AUC: 0.6483 | LR bb=1.0e-07 adapter=1.0e-07 hd=1.5e-07
  Epoch 134/150 | loss: 0.1196 | val AUC: 0.5966 | LR bb=1.0e-07 adapter=1.0e-07 hd=1.5e-07
  Epoch 135/150 | loss: 0.0686 | val AUC: 0.6224 | LR bb=1.0e-07 adapter=1.0e-07 hd=1.5e-07
  Epoch 136/150 | loss: 0.1944 | val AUC: 0.6259 | LR bb=1.0e-07 adapter=1.0e-07 hd=1.5e-07
  Epoch 137/150 | loss: 0.1342 | val AUC: 0.5948 | LR bb=1.0e-07 adapter=1.0e-07 hd=1.5e-07
  Epoch 138/150 | loss: 0.1880 | val AUC: 0.6207 | LR bb=1.0e-07 adapter=1.0e-07 hd=1.5e-07
  Epoch 139/150 | loss: 0.1541 | val AUC: 0.6172 | LR bb=1.0e-07 adapter=1.0e-07 hd=1.0e-07
  LR reduced: 1.5e-07 → 1.0e-07  (patience reset)
  Epoch 140/150 | loss: 0.1979 | val AUC: 0.6052 | LR bb=1.0e-07 adapter=1.0e-07 hd=1.0e-07
  Epoch 141/150 | loss: 0.1417 | val AUC: 0.6293 | LR bb=1.0e-07 adapter=1.0e-07 hd=1.0e-07
  Epoch 142/150 | loss: 0.1692 | val AUC: 0.6155 | LR bb=1.0e-07 adapter=1.0e-07 hd=1.0e-07
  Epoch 143/150 | loss: 0.0681 | val AUC: 0.6034 | LR bb=1.0e-07 adapter=1.0e-07 hd=1.0e-07
  Epoch 144/150 | loss: 0.1554 | val AUC: 0.5966 | LR bb=1.0e-07 adapter=1.0e-07 hd=1.0e-07
  Epoch 145/150 | loss: 0.1207 | val AUC: 0.6172 | LR bb=1.0e-07 adapter=1.0e-07 hd=1.0e-07
  Epoch 146/150 | loss: 0.1260 | val AUC: 0.6224 | LR bb=1.0e-07 adapter=1.0e-07 hd=1.0e-07
  Epoch 147/150 | loss: 0.1427 | val AUC: 0.6138 | LR bb=1.0e-07 adapter=1.0e-07 hd=1.0e-07
  Epoch 148/150 | loss: 0.1389 | val AUC: 0.6034 | LR bb=1.0e-07 adapter=1.0e-07 hd=1.0e-07
  Epoch 149/150 | loss: 0.1514 | val AUC: 0.6328 | LR bb=1.0e-07 adapter=1.0e-07 hd=1.0e-07
  Epoch 150/150 | loss: 0.1955 | val AUC: 0.6190 | LR bb=1.0e-07 adapter=1.0e-07 hd=1.0e-07

Best val AUC: 0.7879 at epoch 7
initialize_weights...
[model] Channel adapter: 96 → 3 → 64 (1-layer 1×1 + pretrained 3×3)
[model] backbone: MedViT_base  proj_head: 1024 → 512 → 256 → 2  (dropout=0.2)

=== TEST SET (68 patients: csPCa=10, ciPCa=58) ===
AUC-ROC     : 0.8828
Sensitivity : 0.8000
Specificity : 0.8448
F1 (csPCa)  : 0.5926
TP=8  FP=9  TN=49  FN=2
End: Sun Jun 28 21:52:05 EDT 2026
