Job ID: 9549479
Node:   g8
GPU:    0
Run:    adapter_base
Extra:  --backbone base
Start:  Sun Jun 28 18:16:57 EDT 2026
Device: cuda
initialize_weights...
[model] Channel adapter: 96 → 3 → 64 (learnable 1×1 + pretrained 3×3)
[model] backbone: MedViT_base  proj_head: 1024 → 512 → 256 → 2  (dropout=0.2)
Config saved: /geode3/home/u070/ohjiye/Quartz/MedImage/ProstateCls/channel_adapter/output/adapter_base/config.json
Total: 451  csPCa: 65  ciPCa: 386
Split → train: 315 (csPCa=45) | val: 68 (csPCa=10) | test: 68 (csPCa=10)

==================================================
Train: 315 (csPCa=45, ciPCa=270)
Val:   68   (csPCa=10, ciPCa=58)
initialize_weights...
[model] Pretrained backbone loaded from /N/slate/ohjiye/medvit_ckpt/MedViT_base.pth
[model] Channel adapter: 96 → 3 → 64 (learnable 1×1 + pretrained 3×3)
[model] backbone: MedViT_base  proj_head: 1024 → 512 → 256 → 2  (dropout=0.2)
  Class weights: ciPCa=0.583  csPCa=3.500  (1:6.0)
  Loss: CrossEntropyLoss
  Optimizer: backbone LR=1e-05, head(adapter+proj) LR=0.0003
  Epoch   1/150 | loss: 0.5819 | val AUC: 0.7552 | LR bb=1.0e-05 hd=3.0e-04
  Epoch   2/150 | loss: 0.4609 | val AUC: 0.7155 | LR bb=1.0e-05 hd=3.0e-04
  Epoch   3/150 | loss: 0.4724 | val AUC: 0.7328 | LR bb=1.0e-05 hd=3.0e-04
  Epoch   4/150 | loss: 0.3906 | val AUC: 0.7379 | LR bb=1.0e-05 hd=3.0e-04
  Epoch   5/150 | loss: 0.3638 | val AUC: 0.7017 | LR bb=1.0e-05 hd=3.0e-04
  Epoch   6/150 | loss: 0.3626 | val AUC: 0.7310 | LR bb=1.0e-05 hd=3.0e-04
  Epoch   7/150 | loss: 0.3782 | val AUC: 0.7879 | LR bb=9.9e-06 hd=3.0e-04
  Epoch   8/150 | loss: 0.2626 | val AUC: 0.7138 | LR bb=9.9e-06 hd=3.0e-04
  Epoch   9/150 | loss: 0.3067 | val AUC: 0.6690 | LR bb=9.9e-06 hd=3.0e-04
  Epoch  10/150 | loss: 0.3021 | val AUC: 0.6810 | LR bb=9.9e-06 hd=3.0e-04
  Epoch  11/150 | loss: 0.2527 | val AUC: 0.7138 | LR bb=9.9e-06 hd=3.0e-04
  Epoch  12/150 | loss: 0.2521 | val AUC: 0.6603 | LR bb=9.8e-06 hd=3.0e-04
  Epoch  13/150 | loss: 0.2526 | val AUC: 0.7103 | LR bb=9.8e-06 hd=2.9e-04
  Epoch  14/150 | loss: 0.2585 | val AUC: 0.6828 | LR bb=9.8e-06 hd=2.9e-04
  Epoch  15/150 | loss: 0.2235 | val AUC: 0.7121 | LR bb=9.8e-06 hd=2.9e-04
  Epoch  16/150 | loss: 0.2808 | val AUC: 0.6724 | LR bb=9.7e-06 hd=2.9e-04
  Epoch  17/150 | loss: 0.2282 | val AUC: 0.6603 | LR bb=9.7e-06 hd=2.9e-04
  Epoch  18/150 | loss: 0.3036 | val AUC: 0.6793 | LR bb=9.7e-06 hd=2.9e-04
  Epoch  19/150 | loss: 0.2498 | val AUC: 0.7293 | LR bb=9.6e-06 hd=2.9e-04
  Epoch  20/150 | loss: 0.2154 | val AUC: 0.7345 | LR bb=9.6e-06 hd=2.9e-04
  Epoch  21/150 | loss: 0.1837 | val AUC: 0.6310 | LR bb=9.5e-06 hd=2.9e-04
  Epoch  22/150 | loss: 0.2023 | val AUC: 0.6672 | LR bb=9.5e-06 hd=2.8e-04
  Epoch  23/150 | loss: 0.2542 | val AUC: 0.7017 | LR bb=9.4e-06 hd=2.8e-04
  Epoch  24/150 | loss: 0.2237 | val AUC: 0.6414 | LR bb=9.4e-06 hd=2.8e-04
  Epoch  25/150 | loss: 0.1176 | val AUC: 0.7207 | LR bb=9.3e-06 hd=2.8e-04
  Epoch  26/150 | loss: 0.1600 | val AUC: 0.6121 | LR bb=9.3e-06 hd=2.8e-04
  Epoch  27/150 | loss: 0.3099 | val AUC: 0.6724 | LR bb=9.2e-06 hd=2.8e-04
  Early stop at epoch 27 (no improvement for 20 epochs)

Best val AUC: 0.7879 at epoch 7
initialize_weights...
[model] Channel adapter: 96 → 3 → 64 (learnable 1×1 + pretrained 3×3)
[model] backbone: MedViT_base  proj_head: 1024 → 512 → 256 → 2  (dropout=0.2)

=== TEST SET (68 patients: csPCa=10, ciPCa=58) ===
AUC-ROC     : 0.8810
Sensitivity : 0.8000
Specificity : 0.8448
F1 (csPCa)  : 0.5926
TP=8  FP=9  TN=49  FN=2
End: Sun Jun 28 18:27:29 EDT 2026
