Job ID: 9549357
Node:   g7
GPU:    0
Run:    focal_base
Extra:  --focal-gamma 2.0 --head-depth 3 --backbone base
Start:  Sun Jun 28 17:04:29 EDT 2026
Device: cuda
initialize_weights...
[model] First conv inflated: 3 → 96 channels (weight tiling ÷32)
[model] backbone: MedViT_base  proj_head: 1024 → 512 → 256 → 128 → 2  (dropout=0.2)
Config saved: /geode3/home/u070/ohjiye/Quartz/MedImage/ProstateCls/output/focal_base/config.json
Total: 451  csPCa: 65  ciPCa: 386
Split → train: 315 (csPCa=45) | val: 68 (csPCa=10) | test: 68 (csPCa=10)

==================================================
Train: 315 (csPCa=45, ciPCa=270)
Val:   68   (csPCa=10, ciPCa=58)
initialize_weights...
[model] Pretrained backbone loaded from /N/slate/ohjiye/medvit_ckpt/MedViT_base.pth
[model] First conv inflated: 3 → 96 channels (weight tiling ÷32)
[model] backbone: MedViT_base  proj_head: 1024 → 512 → 256 → 128 → 2  (dropout=0.2)
  Class weights: ciPCa=0.583  csPCa=3.500  (1:6.0)
  Loss: FocalLoss(gamma=2.0)
  Optimizer: backbone LR=1e-05, head(stem+proj) LR=0.0003
  Epoch   1/150 | loss: 0.3151 | val AUC: 0.7345 | LR bb=1.0e-05 hd=3.0e-04
  Epoch   2/150 | loss: 0.1860 | val AUC: 0.7379 | LR bb=1.0e-05 hd=3.0e-04
  Epoch   3/150 | loss: 0.1766 | val AUC: 0.8052 | LR bb=1.0e-05 hd=3.0e-04
  Epoch   4/150 | loss: 0.1551 | val AUC: 0.7293 | LR bb=1.0e-05 hd=3.0e-04
  Epoch   5/150 | loss: 0.1693 | val AUC: 0.7310 | LR bb=1.0e-05 hd=3.0e-04
  Epoch   6/150 | loss: 0.1578 | val AUC: 0.8017 | LR bb=1.0e-05 hd=3.0e-04
  Epoch   7/150 | loss: 0.1247 | val AUC: 0.7276 | LR bb=9.9e-06 hd=3.0e-04
  Epoch   8/150 | loss: 0.1838 | val AUC: 0.8276 | LR bb=9.9e-06 hd=3.0e-04
  Epoch   9/150 | loss: 0.1320 | val AUC: 0.7810 | LR bb=9.9e-06 hd=3.0e-04
  Epoch  10/150 | loss: 0.1171 | val AUC: 0.8155 | LR bb=9.9e-06 hd=3.0e-04
  Epoch  11/150 | loss: 0.1232 | val AUC: 0.7862 | LR bb=9.9e-06 hd=3.0e-04
  Epoch  12/150 | loss: 0.1999 | val AUC: 0.7448 | LR bb=9.8e-06 hd=3.0e-04
  Epoch  13/150 | loss: 0.0989 | val AUC: 0.6241 | LR bb=9.8e-06 hd=2.9e-04
  Epoch  14/150 | loss: 0.0988 | val AUC: 0.6724 | LR bb=9.8e-06 hd=2.9e-04
  Epoch  15/150 | loss: 0.1814 | val AUC: 0.6672 | LR bb=9.8e-06 hd=2.9e-04
  Epoch  16/150 | loss: 0.0829 | val AUC: 0.7293 | LR bb=9.7e-06 hd=2.9e-04
  Epoch  17/150 | loss: 0.1146 | val AUC: 0.7155 | LR bb=9.7e-06 hd=2.9e-04
  Epoch  18/150 | loss: 0.0787 | val AUC: 0.6517 | LR bb=9.7e-06 hd=2.9e-04
  Epoch  19/150 | loss: 0.1558 | val AUC: 0.6914 | LR bb=9.6e-06 hd=2.9e-04
  Epoch  20/150 | loss: 0.2782 | val AUC: 0.6517 | LR bb=9.6e-06 hd=2.9e-04
  Epoch  21/150 | loss: 0.1056 | val AUC: 0.6724 | LR bb=9.5e-06 hd=2.9e-04
  Epoch  22/150 | loss: 0.1727 | val AUC: 0.7310 | LR bb=9.5e-06 hd=2.8e-04
  Epoch  23/150 | loss: 0.0965 | val AUC: 0.7448 | LR bb=9.4e-06 hd=2.8e-04
  Epoch  24/150 | loss: 0.1715 | val AUC: 0.7655 | LR bb=9.4e-06 hd=2.8e-04
  Epoch  25/150 | loss: 0.0690 | val AUC: 0.7172 | LR bb=9.3e-06 hd=2.8e-04
  Epoch  26/150 | loss: 0.1136 | val AUC: 0.7121 | LR bb=9.3e-06 hd=2.8e-04
  Epoch  27/150 | loss: 0.1408 | val AUC: 0.6931 | LR bb=9.2e-06 hd=2.8e-04
  Epoch  28/150 | loss: 0.0766 | val AUC: 0.7534 | LR bb=9.2e-06 hd=2.7e-04
  Early stop at epoch 28 (no improvement for 20 epochs)

Best val AUC: 0.8276 at epoch 8
initialize_weights...
[model] First conv inflated: 3 → 96 channels (weight tiling ÷32)
[model] backbone: MedViT_base  proj_head: 1024 → 512 → 256 → 128 → 2  (dropout=0.2)

=== TEST SET (68 patients: csPCa=10, ciPCa=58) ===
AUC-ROC     : 0.8224
Sensitivity : 0.8000
Specificity : 0.8276
F1 (csPCa)  : 0.5714
TP=8  FP=10  TN=48  FN=2
End: Sun Jun 28 17:14:23 EDT 2026
